wo2b-project-tu123/proguard-project.txt
# This is a configuration file for ProGuard.
# http://proguard.sourceforge.net/index.html#manual/usage.html

-dontusemixedcaseclassnames
-dontskipnonpubliclibraryclasses
-verbose

# Optimization is turned off by default. Dex does not like code run
# through the ProGuard optimize and preverify steps (and performs some
# of these optimizations on its own).
-dontoptimize
-dontpreverify
# Note that if you want to enable optimization, you cannot just
# include optimization flags in your own project configuration file;
# instead you will need to point to the
# "proguard-android-optimize.txt" file instead of this one from your
# project.properties file.

-keepattributes *Annotation*
-keep public class com.google.vending.licensing.ILicensingService
-keep public class com.android.vending.licensing.ILicensingService

# For native methods, see http://proguard.sourceforge.net/manual/examples.html#native
-keepclasseswithmembernames class * {
    native <methods>;
}

# keep setters in Views so that animations can still work.
# see http://proguard.sourceforge.net/manual/examples.html#beans
-keepclassmembers public class * extends android.view.View {
   void set*(***);
   *** get*();
}

# We want to keep methods in Activity that could be used in the XML attribute onClick
-keepclassmembers class * extends android.app.Activity {
   public void *(android.view.View);
}

# For enumeration classes, see http://proguard.sourceforge.net/manual/examples.html#enumerations
-keepclassmembers enum * {
    public static **[] values();
    public static ** valueOf(java.lang.String);
}

-keep class * implements android.os.Parcelable {
  public static final android.os.Parcelable$Creator *;
}

-keepclassmembers class **.R$* {
    public static <fields>;
}

# The support library contains references to newer platform versions.
# Don't warn about those in case this app is linking against an older
# platform version.  We know about them, and they are safe.
-dontwarn android.support.**


# NEW

# If your project uses WebView with JS, uncomment the following
# and specify the fully qualified class name to the JavaScript interface
# class:
-keepclassmembers class fqcn.of.javascript.interface.for.webview {
   public *;
}

# =================== Rocky do =========================
-keep class com.wo2b.wrapper.component.security.** {*;}


# =================== Third Party ========================
# === ActionbarSherlock
-dontwarn com.actionbarsherlock.**
-keep class com.actionbarsherlock.** { *; } 
-keep interface com.actionbarsherlock.** { *; } 

# === EventBus
-keepclassmembers class ** {
    public void onEvent*(**);
}
# AsyncHttp -- 因有方法被反射, 不能进行混淆
-keep public class com.wo2b.sdk.common.util.http.RequestParams { *;}

# === FastJSON Properties
# -libraryjars libs/fastjson-1.1.38.jar
-dontwarn java.awt.**
-dontwarn com.alibaba.fastjson.**
-keep class com.alibaba.fastjson.** {*;}

# === OrmLite Properties -- 需要加上自定义的实体对象
-keep class com.j256.ormlite.** {*;}
-keep class * extends com.j256.ormlite.android.apptools.OrmLiteSqliteOpenHelper{
	public <methods>;
}
-keep class com.wo2b.tu123.model.** {*;}
-keepclassmembers class * implements java.io.Serializable { 
    static final long serialVersionUID; 
    private static final java.io.ObjectStreamField[] serialPersistentFields; 
    private void writeObject(java.io.ObjectOutputStream); 
    private void readObject(java.io.ObjectInputStream); 
    java.lang.Object writeReplace(); 
    java.lang.Object readResolve(); 
}

# 直接过滤掉所有实现序列化接口的类
-keep class * implements java.io.Serializable {*;}


# === Umeng Properties
-keep public class com.wo2b.tu123.R$*{
	public static final int *;
}
-keep class com.umeng.** {*;}
-keepclassmembers class * { 
	public <init>(org.json.JSONObject); 
} 
-keep public class com.umeng.fb.ui.ThreadView { }


# =================== Third Ad ===========================



# End
-keepattributes Signature