wo2b-project-tu123/proguard/seeds.txt
com.wo2b.tu123.R$anim
com.wo2b.tu123.R$anim: int abc_fade_in
com.wo2b.tu123.R$anim: int abc_fade_out
com.wo2b.tu123.R$anim: int abc_slide_in_bottom
com.wo2b.tu123.R$anim: int abc_slide_in_top
com.wo2b.tu123.R$anim: int abc_slide_out_bottom
com.wo2b.tu123.R$anim: int abc_slide_out_top
com.wo2b.tu123.R$anim: int activity_close_enter
com.wo2b.tu123.R$anim: int activity_close_exit
com.wo2b.tu123.R$anim: int activity_open_enter
com.wo2b.tu123.R$anim: int activity_open_exit
com.wo2b.tu123.R$anim: int ad_viewpager_r2l
com.wo2b.tu123.R$anim: int api_progressbar_pulltorefresh
com.wo2b.tu123.R$anim: int bottom_view_slide_bottom_in
com.wo2b.tu123.R$anim: int bottom_view_slide_bottom_out
com.wo2b.tu123.R$anim: int fade_in
com.wo2b.tu123.R$anim: int fade_out
com.wo2b.tu123.R$anim: int hold
com.wo2b.tu123.R$anim: int progress_dialog_loading
com.wo2b.tu123.R$anim: int progress_webview_loading
com.wo2b.tu123.R$anim: int pull_to_refresh_slide_in_from_bottom
com.wo2b.tu123.R$anim: int pull_to_refresh_slide_in_from_top
com.wo2b.tu123.R$anim: int pull_to_refresh_slide_out_to_bottom
com.wo2b.tu123.R$anim: int pull_to_refresh_slide_out_to_top
com.wo2b.tu123.R$anim: int slide_bottom_in
com.wo2b.tu123.R$anim: int slide_bottom_out
com.wo2b.tu123.R$anim: int slide_left_in
com.wo2b.tu123.R$anim: int slide_left_out
com.wo2b.tu123.R$anim: int slide_open_enter_bottom
com.wo2b.tu123.R$anim: int slide_open_enter_top
com.wo2b.tu123.R$anim: int slide_right_in
com.wo2b.tu123.R$anim: int slide_right_out
com.wo2b.tu123.R$array
com.wo2b.tu123.R$array: int demo_array
com.wo2b.tu123.R$array: int exit_warns
com.wo2b.tu123.R$attr
com.wo2b.tu123.R$attr: int actionBarDivider
com.wo2b.tu123.R$attr: int actionBarItemBackground
com.wo2b.tu123.R$attr: int actionBarPopupTheme
com.wo2b.tu123.R$attr: int actionBarSize
com.wo2b.tu123.R$attr: int actionBarSplitStyle
com.wo2b.tu123.R$attr: int actionBarStyle
com.wo2b.tu123.R$attr: int actionBarTabBarStyle
com.wo2b.tu123.R$attr: int actionBarTabStyle
com.wo2b.tu123.R$attr: int actionBarTabTextStyle
com.wo2b.tu123.R$attr: int actionBarTheme
com.wo2b.tu123.R$attr: int actionBarWidgetTheme
com.wo2b.tu123.R$attr: int actionButtonStyle
com.wo2b.tu123.R$attr: int actionDropDownStyle
com.wo2b.tu123.R$attr: int actionLayout
com.wo2b.tu123.R$attr: int actionMenuTextAppearance
com.wo2b.tu123.R$attr: int actionMenuTextColor
com.wo2b.tu123.R$attr: int actionModeBackground
com.wo2b.tu123.R$attr: int actionModeCloseButtonStyle
com.wo2b.tu123.R$attr: int actionModeCloseDrawable
com.wo2b.tu123.R$attr: int actionModeCopyDrawable
com.wo2b.tu123.R$attr: int actionModeCutDrawable
com.wo2b.tu123.R$attr: int actionModeFindDrawable
com.wo2b.tu123.R$attr: int actionModePasteDrawable
com.wo2b.tu123.R$attr: int actionModePopupWindowStyle
com.wo2b.tu123.R$attr: int actionModeSelectAllDrawable
com.wo2b.tu123.R$attr: int actionModeShareDrawable
com.wo2b.tu123.R$attr: int actionModeSplitBackground
com.wo2b.tu123.R$attr: int actionModeStyle
com.wo2b.tu123.R$attr: int actionModeWebSearchDrawable
com.wo2b.tu123.R$attr: int actionOverflowButtonStyle
com.wo2b.tu123.R$bool
com.wo2b.tu123.R$bool: int abc_action_bar_embed_tabs
com.wo2b.tu123.R$bool: int abc_action_bar_embed_tabs_pre_jb
com.wo2b.tu123.R$bool: int abc_action_bar_expanded_action_views_exclusive
com.wo2b.tu123.R$bool: int abc_config_actionMenuItemAllCaps
com.wo2b.tu123.R$bool: int abc_config_allowActionMenuItemTextWithIcon
com.wo2b.tu123.R$bool: int abc_config_showMenuShortcutsWhenKeyboardPresent
com.wo2b.tu123.R$bool: int default_circle_indicator_centered
com.wo2b.tu123.R$bool: int default_circle_indicator_snap
com.wo2b.tu123.R$bool: int default_line_indicator_centered
com.wo2b.tu123.R$bool: int default_title_indicator_selected_bold
com.wo2b.tu123.R$bool: int default_underline_indicator_fades
...
android.support.v4.app.BackStackState
android.support.v4.app.BackStackState: android.os.Parcelable$Creator CREATOR
android.support.v4.app.Fragment$InstantiationException
android.support.v4.app.Fragment$InstantiationException: Fragment$InstantiationException(java.lang.String,java.lang.Exception)
android.support.v4.app.Fragment$SavedState
android.support.v4.app.Fragment$SavedState: android.os.Parcelable$Creator CREATOR
android.support.v4.app.FragmentActivity: FragmentActivity()
android.support.v4.app.FragmentManagerState
android.support.v4.app.FragmentManagerState: android.os.Parcelable$Creator CREATOR
android.support.v4.app.FragmentState
android.support.v4.app.FragmentState: android.os.Parcelable$Creator CREATOR
android.support.v4.app.FragmentTabHost: void setOnTabChangedListener(android.widget.TabHost$OnTabChangeListener)
android.support.v4.app.FragmentTabHost$SavedState
android.support.v4.app.FragmentTabHost$SavedState: android.os.Parcelable$Creator CREATOR
android.support.v4.app.SuperNotCalledException
android.support.v4.app.SuperNotCalledException: SuperNotCalledException(java.lang.String)
android.support.v4.content.ModernAsyncTask$Status
android.support.v4.content.ModernAsyncTask$Status: android.support.v4.content.ModernAsyncTask$Status PENDING
android.support.v4.content.ModernAsyncTask$Status: android.support.v4.content.ModernAsyncTask$Status RUNNING
android.support.v4.content.ModernAsyncTask$Status: android.support.v4.content.ModernAsyncTask$Status FINISHED
android.support.v4.content.ModernAsyncTask$Status: android.support.v4.content.ModernAsyncTask$Status[] $VALUES
android.support.v4.content.ModernAsyncTask$Status: android.support.v4.content.ModernAsyncTask$Status[] values()
android.support.v4.content.ModernAsyncTask$Status: android.support.v4.content.ModernAsyncTask$Status valueOf(java.lang.String)
android.support.v4.content.ModernAsyncTask$Status: ModernAsyncTask$Status(java.lang.String,int)
android.support.v4.content.ModernAsyncTask$Status: void <clinit>()
android.support.v4.media.MediaMetadataCompat
android.support.v4.media.MediaMetadataCompat: android.os.Parcelable$Creator CREATOR
android.support.v4.media.RatingCompat
android.support.v4.media.RatingCompat: android.os.Parcelable$Creator CREATOR
android.support.v4.media.session.MediaSessionCompat$Token
android.support.v4.media.session.MediaSessionCompat$Token: android.os.Parcelable$Creator CREATOR
android.support.v4.media.session.PlaybackStateCompat
android.support.v4.media.session.PlaybackStateCompat: android.os.Parcelable$Creator CREATOR
android.support.v4.view.PagerTabStrip: void setTabIndicatorColor(int)
android.support.v4.view.PagerTabStrip: void setTabIndicatorColorResource(int)
android.support.v4.view.PagerTabStrip: int getTabIndicatorColor()
android.support.v4.view.PagerTabStrip: void setTextSpacing(int)
android.support.v4.view.PagerTabStrip: void setBackgroundDrawable(android.graphics.drawable.Drawable)
android.support.v4.view.PagerTabStrip: void setBackgroundColor(int)
android.support.v4.view.PagerTabStrip: void setBackgroundResource(int)
android.support.v4.view.PagerTabStrip: void setDrawFullUnderline(boolean)
android.support.v4.view.PagerTabStrip: boolean getDrawFullUnderline()
android.support.v4.view.PagerTabStrip: int getMinHeight()
android.support.v4.view.PagerTitleStrip: void setSingleLineAllCaps(android.widget.TextView)
android.support.v4.view.PagerTitleStrip: void setTextSpacing(int)
android.support.v4.view.PagerTitleStrip: int getTextSpacing()
android.support.v4.view.PagerTitleStrip: void setNonPrimaryAlpha(float)
android.support.v4.view.PagerTitleStrip: void setTextColor(int)
android.support.v4.view.PagerTitleStrip: void setGravity(int)
android.support.v4.view.PagerTitleStrip: int getMinHeight()