wo2b-project-tu123/proguard/mapping.txt
com.wo2b.tu123.R -> com.wo2b.tu123.R:
com.wo2b.tu123.R$anim -> com.wo2b.tu123.R$anim:
    int abc_fade_in -> abc_fade_in
    int abc_fade_out -> abc_fade_out
    int abc_slide_in_bottom -> abc_slide_in_bottom
    int abc_slide_in_top -> abc_slide_in_top
    int abc_slide_out_bottom -> abc_slide_out_bottom
    int abc_slide_out_top -> abc_slide_out_top
    int activity_close_enter -> activity_close_enter
    int activity_close_exit -> activity_close_exit
    int activity_open_enter -> activity_open_enter
    int activity_open_exit -> activity_open_exit
    int ad_viewpager_r2l -> ad_viewpager_r2l
    int api_progressbar_pulltorefresh -> api_progressbar_pulltorefresh
    int bottom_view_slide_bottom_in -> bottom_view_slide_bottom_in
    int bottom_view_slide_bottom_out -> bottom_view_slide_bottom_out
    int fade_in -> fade_in
    int fade_out -> fade_out
    int hold -> hold
    int progress_dialog_loading -> progress_dialog_loading
    int progress_webview_loading -> progress_webview_loading
    int pull_to_refresh_slide_in_from_bottom -> pull_to_refresh_slide_in_from_bottom
    int pull_to_refresh_slide_in_from_top -> pull_to_refresh_slide_in_from_top
    int pull_to_refresh_slide_out_to_bottom -> pull_to_refresh_slide_out_to_bottom
    int pull_to_refresh_slide_out_to_top -> pull_to_refresh_slide_out_to_top
    int slide_bottom_in -> slide_bottom_in
    int slide_bottom_out -> slide_bottom_out
    int slide_left_in -> slide_left_in
    int slide_left_out -> slide_left_out
com.wo2b.tu123.R$array -> com.wo2b.tu123.R$array:
    int demo_array -> demo_array
    int exit_warns -> exit_warns
com.wo2b.tu123.R$attr -> com.wo2b.tu123.R$attr:
    int actionBarDivider -> actionBarDivider
    int actionBarItemBackground -> actionBarItemBackground
    int actionBarPopupTheme -> actionBarPopupTheme
    int actionBarSize -> actionBarSize
    int actionBarSplitStyle -> actionBarSplitStyle
    int actionBarStyle -> actionBarStyle
    int actionBarTabBarStyle -> actionBarTabBarStyle
    int actionBarTabStyle -> actionBarTabStyle
    int actionBarTabTextStyle -> actionBarTabTextStyle
    int actionBarTheme -> actionBarTheme
    int actionBarWidgetTheme -> actionBarWidgetTheme
    int actionButtonStyle -> actionButtonStyle
    int actionDropDownStyle -> actionDropDownStyle
    int actionLayout -> actionLayout
    int actionMenuTextAppearance -> actionMenuTextAppearance
    int actionMenuTextColor -> actionMenuTextColor
    int actionModeBackground -> actionModeBackground
    int actionModeCloseButtonStyle -> actionModeCloseButtonStyle
    int actionModeCloseDrawable -> actionModeCloseDrawable
    int actionModeCopyDrawable -> actionModeCopyDrawable
    int actionModeCutDrawable -> actionModeCutDrawable
    int actionModeFindDrawable -> actionModeFindDrawable
    int actionModePasteDrawable -> actionModePasteDrawable
    int actionModePopupWindowStyle -> actionModePopupWindowStyle
    int actionModeSelectAllDrawable -> actionModeSelectAllDrawable
    int actionModeShareDrawable -> actionModeShareDrawable
    int actionModeSplitBackground -> actionModeSplitBackground
...
android.support.v4.widget.CursorAdapter$ChangeObserver -> android.support.v4.widget.g:
    android.support.v4.widget.CursorAdapter this$0 -> a
    boolean deliverSelfNotifications() -> deliverSelfNotifications
    void onChange(boolean) -> onChange
android.support.v4.widget.CursorAdapter$MyDataSetObserver -> android.support.v4.widget.h:
    android.support.v4.widget.CursorAdapter this$0 -> a
    void onChanged() -> onChanged
    void onInvalidated() -> onInvalidated
android.support.v4.widget.CursorFilter -> android.support.v4.widget.i:
    android.support.v4.widget.CursorFilter$CursorFilterClient mClient -> a
    java.lang.CharSequence convertResultToString(java.lang.Object) -> convertResultToString
    android.widget.Filter$FilterResults performFiltering(java.lang.CharSequence) -> performFiltering
    void publishResults(java.lang.CharSequence,android.widget.Filter$FilterResults) -> publishResults
android.support.v4.widget.CursorFilter$CursorFilterClient -> android.support.v4.widget.j:
    java.lang.CharSequence convertToString(android.database.Cursor) -> c
    android.database.Cursor runQueryOnBackgroundThread(java.lang.CharSequence) -> a
    android.database.Cursor getCursor() -> a
    void changeCursor(android.database.Cursor) -> a
android.support.v4.widget.DrawerLayout -> android.support.v4.widget.DrawerLayout:
    int[] LAYOUT_ATTRS -> b
    android.support.v4.widget.DrawerLayout$ChildAccessibilityDelegate mChildAccessibilityDelegate -> c
    int mMinDrawerMargin -> d
    int mScrimColor -> e
    float mScrimOpacity -> f
    android.graphics.Paint mScrimPaint -> g
    android.support.v4.widget.ViewDragHelper mLeftDragger -> h
    android.support.v4.widget.ViewDragHelper mRightDragger -> i
    android.support.v4.widget.DrawerLayout$ViewDragCallback mLeftCallback -> j
    android.support.v4.widget.DrawerLayout$ViewDragCallback mRightCallback -> k
    int mDrawerState -> l
    boolean mInLayout -> m
    boolean mFirstLayout -> n
    int mLockModeLeft -> o
    int mLockModeRight -> p
    boolean mDisallowInterceptRequested -> q
    boolean mChildrenCanceledTouch -> r
    android.support.v4.widget.DrawerLayout$DrawerListener mListener -> s
    float mInitialMotionX -> t
    float mInitialMotionY -> u
    android.graphics.drawable.Drawable mShadowLeft -> v
    android.graphics.drawable.Drawable mShadowRight -> w
    android.graphics.drawable.Drawable mStatusBarBackground -> x
    java.lang.Object mLastInsets -> y
    boolean mDrawStatusBarBackground -> z
    android.support.v4.widget.DrawerLayout$DrawerLayoutCompatImpl IMPL -> a
    void setScrimColor(int) -> setScrimColor
    void setDrawerListener(android.support.v4.widget.DrawerLayout$DrawerListener) -> setDrawerListener
android.support.v4.widget.DrawerLayout$ChildAccessibilityDelegate -> android.support.v4.widget.k:
    void onInitializeAccessibilityNodeInfo(android.view.View,android.support.v4.view.accessibility.AccessibilityNodeInfoCompat) -> a
android.support.v4.widget.DrawerLayout$DrawerLayoutCompatImpl -> android.support.v4.widget.l:
    void dispatchChildInsets(android.view.View,java.lang.Object,int) -> a
    void applyMarginInsets(android.view.ViewGroup$MarginLayoutParams,java.lang.Object,int) -> a
    int getTopInset(java.lang.Object) -> a
android.support.v4.widget.DrawerLayout$DrawerLayoutCompatImplApi21 -> android.support.v4.widget.m:
    void dispatchChildInsets(android.view.View,java.lang.Object,int) -> a
    void applyMarginInsets(android.view.ViewGroup$MarginLayoutParams,java.lang.Object,int) -> a
    int getTopInset(java.lang.Object) -> a
android.support.v4.widget.DrawerLayout$DrawerLayoutCompatImplBase -> android.support.v4.widget.n:
    void dispatchChildInsets(android.view.View,java.lang.Object,int) -> a
    void applyMarginInsets(android.view.ViewGroup$MarginLayoutParams,java.lang.Object,int) -> a
    int getTopInset(java.lang.Object) -> a