wo2b-project-tu123/proguard/usage.txt
com.wo2b.tu123.BuildConfig
com.wo2b.tu123.Manifest
com.wo2b.tu123.Manifest$permission
com.wo2b.tu123.R:
    10:10:public R()
com.wo2b.tu123.business.base.BaseBiz:
    38:38:public int create(java.lang.Object)
    49:49:public int update(java.lang.Object)
    60:60:public int delete(java.lang.Object)
    69:69:public int deleteAll()
    91:91:public java.util.List queryForEq(java.lang.String,java.lang.Object)
    102:102:public java.lang.Object getModel(long)
    112:112:public long getCount()
    122:122:public com.j256.ormlite.android.apptools.OrmLiteSqliteOpenHelper getDatabaseHelper()
    133:133:public boolean isEmpty(java.util.List)
com.wo2b.tu123.business.base.BusinessData:
    public static final int MAX_LOCAL_FOCUS_COUNT
    8:8:public BusinessData()
com.wo2b.tu123.business.base.DatabaseHelper:
    public static final java.lang.String DATABASE_NAME
    public static final int DATABASE_VERSION
com.wo2b.tu123.business.base.UserDatabaseHelper:
    public static final java.lang.String DATABASE_NAME
    private static final int DATABASE_VERSION
    69:96:private void initDatabase_BAK()
com.wo2b.tu123.business.camera.ImageObserver
com.wo2b.tu123.business.camera.LocalCamera
com.wo2b.tu123.business.data.IRestore
com.wo2b.tu123.business.data.RestoreManager:
    private static final java.lang.String TAG
    42:43:public void restore(java.io.File,java.io.File)
    119:150:public void copy(java.io.File,java.io.File)
    154:154:public java.io.File getTargetDatabase()
    159:160:public void setTargetDatabase(java.io.File)
com.wo2b.tu123.business.image.AlbumBiz:
    39:39:public int create(com.wo2b.tu123.model.image.AlbumInfo)
    45:45:public int update(com.wo2b.tu123.model.image.AlbumInfo)
    51:51:public int delete(com.wo2b.tu123.model.image.AlbumInfo)
    59:68:public int deleteAll()
    254:254:public java.util.List queryForEq(java.lang.String,java.lang.Object)
    1:1:public bridge synthetic int delete(java.lang.Object)
    1:1:public bridge synthetic int create(java.lang.Object)
    1:1:public bridge synthetic int update(java.lang.Object)
com.wo2b.tu123.business.image.MyFavoritesBiz:
    74:84:public int deleteAll()
    107:107:public java.util.List queryForEq(java.lang.String,java.lang.Object)
    1:1:public bridge synthetic int delete(java.lang.Object)
    1:1:public bridge synthetic int create(java.lang.Object)
com.wo2b.tu123.business.image.PhotoBiz:
    33:33:public int create(com.wo2b.tu123.model.image.PhotoInfo)
    39:39:public int update(com.wo2b.tu123.model.image.PhotoInfo)
    45:45:public int delete(com.wo2b.tu123.model.image.PhotoInfo)
    57:66:public int deleteByAlbumid(java.lang.String)
    105:105:public java.util.List queryForEq(java.lang.String,java.lang.Object)
    1:1:public bridge synthetic int delete(java.lang.Object)
    1:1:public bridge synthetic int create(java.lang.Object)
    1:1:public bridge synthetic int update(java.lang.Object)
com.wo2b.tu123.business.localalbum.LocalAlbumBiz:
    48:57:public int deleteAll()
    74:85:public java.util.List queryByModule(java.lang.String)
    119:139:public java.lang.String getFocusListString()
    1:1:public bridge synthetic int delete(java.lang.Object)
    1:1:public bridge synthetic int create(java.lang.Object)
com.wo2b.tu123.business.localalbum.LocalImageFactory:
    public static final java.lang.String TAG
    private static final java.lang.String SORT_ORDER
    282:284:public java.util.List queryAlbum()
    294:331:public java.util.List getCustomAlbumList_BAK()
    355:355:public java.util.List queryAllImages()
com.wo2b.tu123.global.AppCacheFactory$ExtraDir
com.wo2b.tu123.global.CommonUtils:
    17:17:public CommonUtils()
    42:42:public static int getScreenWidth(android.content.Context)
    52:52:public static int getScreenHeight(android.content.Context)
    90:104:public static boolean isAppExists(android.content.Context,java.lang.String)
com.wo2b.tu123.global.GAdTempData:
    13:13:public GAdTempData()
...
android.support.v4.app.FragmentPagerAdapter:
    private static final java.lang.String TAG
    private static final boolean DEBUG
android.support.v4.app.FragmentStatePagerAdapter
android.support.v4.app.FragmentTabHost:
    private android.widget.FrameLayout mRealTabContent
    130:132:public FragmentTabHost(android.content.Context)
    135:137:public FragmentTabHost(android.content.Context,android.util.AttributeSet)
    140:146:private void initFragmentTabHost(android.content.Context,android.util.AttributeSet)
    151:174:private void ensureHierarchy(android.content.Context)
    188:193:public void setup(android.content.Context,android.support.v4.app.FragmentManager)
    196:209:public void setup(android.content.Context,android.support.v4.app.FragmentManager,int)
    212:219:private void ensureContent()
    227:246:public void addTab(android.widget.TabHost$TabSpec,java.lang.Class,android.os.Bundle)
android.support.v4.app.FragmentTabHost$DummyTabFactory
android.support.v4.app.FragmentTabHost$TabInfo:
    67:71:FragmentTabHost$TabInfo(java.lang.String,java.lang.Class,android.os.Bundle)
android.support.v4.app.FragmentTransaction:
    public static final int TRANSIT_ENTER_MASK
    public static final int TRANSIT_EXIT_MASK
    public static final int TRANSIT_UNSET
    public static final int TRANSIT_NONE
    public static final int TRANSIT_FRAGMENT_OPEN
    public static final int TRANSIT_FRAGMENT_CLOSE
    public static final int TRANSIT_FRAGMENT_FADE
    public abstract android.support.v4.app.FragmentTransaction add(android.support.v4.app.Fragment,java.lang.String)
    public abstract android.support.v4.app.FragmentTransaction add(int,android.support.v4.app.Fragment)
    public abstract android.support.v4.app.FragmentTransaction replace(int,android.support.v4.app.Fragment,java.lang.String)
    public abstract android.support.v4.app.FragmentTransaction remove(android.support.v4.app.Fragment)
    public abstract android.support.v4.app.FragmentTransaction hide(android.support.v4.app.Fragment)
    public abstract android.support.v4.app.FragmentTransaction show(android.support.v4.app.Fragment)
    public abstract boolean isEmpty()
    public abstract android.support.v4.app.FragmentTransaction setCustomAnimations(int,int)
    public abstract android.support.v4.app.FragmentTransaction setCustomAnimations(int,int,int,int)
    public abstract android.support.v4.app.FragmentTransaction addSharedElement(android.view.View,java.lang.String)
    public abstract android.support.v4.app.FragmentTransaction setTransition(int)
android.support.v4.app.FragmentTransaction$Transit
android.support.v4.app.FragmentTransitionCompat21:
    34:327:FragmentTransitionCompat21()
android.support.v4.app.INotificationSideChannel
android.support.v4.app.INotificationSideChannel$Stub
android.support.v4.app.INotificationSideChannel$Stub$Proxy
android.support.v4.app.ListFragment
android.support.v4.app.ListFragment$1
android.support.v4.app.ListFragment$2
android.support.v4.app.LoaderManager:
    public abstract android.support.v4.content.Loader initLoader(int,android.os.Bundle,android.support.v4.app.LoaderManager$LoaderCallbacks)
    public abstract android.support.v4.content.Loader restartLoader(int,android.os.Bundle,android.support.v4.app.LoaderManager$LoaderCallbacks)
    public abstract void destroyLoader(int)
    public abstract android.support.v4.content.Loader getLoader(int)
    public abstract void dump(java.lang.String,java.io.FileDescriptor,java.io.PrintWriter,java.lang.String[])
    177:178:public static void enableDebugLogging(boolean)